<?xml version="1.0" encoding="UTF-8"?>
<!-- Generated by org.testng.reporters.JUnitReportReporter -->
<testsuite hostname="BEAVERG" failures="0" tests="2" name="pagefactory.test.FWWDAdvancedTests" time="28.989" errors="0" timestamp="2023-02-07T01:47:28 MSK" skipped="0">
  <testcase classname="pagefactory.test.FWWDAdvancedTests" name="commonSearchCloudCalcWithAnotherRequest" time="15.053"/>
  <system-out/>
  <testcase classname="pagefactory.test.FWWDAdvancedTests" name="commonSearchCloudCalc" time="13.936"/>
  <system-out/>
</testsuite> <!-- pagefactory.test.FWWDAdvancedTests -->
