<?xml version="1.0" encoding="UTF-8"?>
<!-- Generated by org.testng.reporters.JUnitReportReporter -->
<testsuite hostname="BEAVERG" failures="0" tests="1" name="pagefactory.test.FWWDMainTest" time="29.054" errors="0" timestamp="2023-02-07T01:47:28 MSK" skipped="0">
  <testcase classname="pagefactory.test.FWWDMainTest" name="commonSearchCloudCalcAndCheckEstimate" time="29.054"/>
  <system-out/>
</testsuite> <!-- pagefactory.test.FWWDMainTest -->
